# JRE version: Java(TM) SE Runtime Environment (8.0_261-b12) (build 1.8.0_261-b12)
# Java VM: Java HotSpot(TM) 64-Bit Server VM (25.261-b12 mixed mode windows-amd64 compressed oops)
Heap:
 PSYoungGen      total 359424K, used 114805K [0x00000000d5900000, 0x00000000ece80000, 0x0000000100000000)
  eden space 343552K, 33% used [0x00000000d5900000,0x00000000dc91d4b0,0x00000000ea880000)
  from space 15872K, 0% used [0x00000000ebd80000,0x00000000ebd80000,0x00000000ecd00000)
  to   space 19456K, 0% used [0x00000000ea880000,0x00000000ea880000,0x00000000ebb80000)
 ParOldGen       total 90112K, used 30901K [0x0000000080a00000, 0x0000000086200000, 0x00000000d5900000)
  object space 90112K, 34% used [0x0000000080a00000,0x000000008282d738,0x0000000086200000)
 Metaspace       used 63521K, capacity 67344K, committed 67480K, reserved 1107968K
  class space    used 8404K, capacity 9105K, committed 9120K, reserved 1048576K
GC Heap History (10 events):
Event: 3.134 GC heap before
{Heap before GC invocations=9 (full 1):
 PSYoungGen      total 139776K, used 36421K [0x00000000d5900000, 0x00000000e5900000, 0x0000000100000000)
  eden space 130560K, 20% used [0x00000000d5900000,0x00000000d7392f28,0x00000000dd880000)
  from space 9216K, 99% used [0x00000000dd880000,0x00000000de17e750,0x00000000de180000)
  to   space 11776K, 0% used [0x00000000e4d80000,0x00000000e4d80000,0x00000000e5900000)
 ParOldGen       total 45568K, used 8510K [0x0000000080a00000, 0x0000000083680000, 0x00000000d5900000)
  object space 45568K, 18% used [0x0000000080a00000,0x000000008124f8d8,0x0000000083680000)
 Metaspace       used 33080K, capacity 35408K, committed 35496K, reserved 1079296K
  class space    used 4265K, capacity 4708K, committed 4784K, reserved 1048576K
Event: 3.142 GC heap after
Heap after GC invocations=9 (full 1):
 PSYoungGen      total 250368K, used 8125K [0x00000000d5900000, 0x00000000e5d80000, 0x0000000100000000)
  eden space 238592K, 0% used [0x00000000d5900000,0x00000000d5900000,0x00000000e4200000)
  from space 11776K, 68% used [0x00000000e4d80000,0x00000000e556f568,0x00000000e5900000)
  to   space 11776K, 0% used [0x00000000e4200000,0x00000000e4200000,0x00000000e4d80000)
 ParOldGen       total 45568K, used 8518K [0x0000000080a00000, 0x0000000083680000, 0x00000000d5900000)
  object space 45568K, 18% used [0x0000000080a00000,0x00000000812518d8,0x0000000083680000)
 Metaspace       used 33080K, capacity 35408K, committed 35496K, reserved 1079296K
  class space    used 4265K, capacity 4708K, committed 4784K, reserved 1048576K
}
Event: 3.142 GC heap before
{Heap before GC invocations=10 (full 2):
 PSYoungGen      total 250368K, used 8125K [0x00000000d5900000, 0x00000000e5d80000, 0x0000000100000000)
  eden space 238592K, 0% used [0x00000000d5900000,0x00000000d5900000,0x00000000e4200000)
  from space 11776K, 68% used [0x00000000e4d80000,0x00000000e556f568,0x00000000e5900000)
  to   space 11776K, 0% used [0x00000000e4200000,0x00000000e4200000,0x00000000e4d80000)
 ParOldGen       total 45568K, used 8518K [0x0000000080a00000, 0x0000000083680000, 0x00000000d5900000)
  object space 45568K, 18% used [0x0000000080a00000,0x00000000812518d8,0x0000000083680000)
 Metaspace       used 33080K, capacity 35408K, committed 35496K, reserved 1079296K
  class space    used 4265K, capacity 4708K, committed 4784K, reserved 1048576K
Event: 3.177 GC heap after
Heap after GC invocations=10 (full 2):
 PSYoungGen      total 250368K, used 0K [0x00000000d5900000, 0x00000000e5d80000, 0x0000000100000000)
  eden space 238592K, 0% used [0x00000000d5900000,0x00000000d5900000,0x00000000e4200000)
  from space 11776K, 0% used [0x00000000e4d80000,0x00000000e4d80000,0x00000000e5900000)
  to   space 11776K, 0% used [0x00000000e4200000,0x00000000e4200000,0x00000000e4d80000)
 ParOldGen       total 60928K, used 13531K [0x0000000080a00000, 0x0000000084580000, 0x00000000d5900000)
  object space 60928K, 22% used [0x0000000080a00000,0x0000000081736eb8,0x0000000084580000)
 Metaspace       used 33080K, capacity 35408K, committed 35496K, reserved 1079296K
  class space    used 4265K, capacity 4708K, committed 4784K, reserved 1048576K
}
Event: 4.823 GC heap before
{Heap before GC invocations=11 (full 2):
 PSYoungGen      total 250368K, used 238592K [0x00000000d5900000, 0x00000000e5d80000, 0x0000000100000000)
  eden space 238592K, 100% used [0x00000000d5900000,0x00000000e4200000,0x00000000e4200000)
  from space 11776K, 0% used [0x00000000e4d80000,0x00000000e4d80000,0x00000000e5900000)
  to   space 11776K, 0% used [0x00000000e4200000,0x00000000e4200000,0x00000000e4d80000)
 ParOldGen       total 60928K, used 13531K [0x0000000080a00000, 0x0000000084580000, 0x00000000d5900000)
  object space 60928K, 22% used [0x0000000080a00000,0x0000000081736eb8,0x0000000084580000)
 Metaspace       used 50840K, capacity 53586K, committed 53800K, reserved 1095680K
  class space    used 6581K, capacity 7120K, committed 7216K, reserved 1048576K
Event: 4.839 GC heap after
Heap after GC invocations=11 (full 2):
 PSYoungGen      total 250368K, used 11747K [0x00000000d5900000, 0x00000000ecd00000, 0x0000000100000000)
  eden space 238592K, 0% used [0x00000000d5900000,0x00000000d5900000,0x00000000e4200000)
  from space 11776K, 99% used [0x00000000e4200000,0x00000000e4d78f70,0x00000000e4d80000)
  to   space 15872K, 0% used [0x00000000ebd80000,0x00000000ebd80000,0x00000000ecd00000)
 ParOldGen       total 60928K, used 20793K [0x0000000080a00000, 0x0000000084580000, 0x00000000d5900000)
  object space 60928K, 34% used [0x0000000080a00000,0x0000000081e4e478,0x0000000084580000)
 Metaspace       used 50840K, capacity 53586K, committed 53800K, reserved 1095680K
  class space    used 6581K, capacity 7120K, committed 7216K, reserved 1048576K
}
Event: 5.922 GC heap before
{Heap before GC invocations=12 (full 2):
 PSYoungGen      total 250368K, used 234144K [0x00000000d5900000, 0x00000000ecd00000, 0x0000000100000000)
  eden space 238592K, 93% used [0x00000000d5900000,0x00000000e322f180,0x00000000e4200000)
  from space 11776K, 99% used [0x00000000e4200000,0x00000000e4d78f70,0x00000000e4d80000)
  to   space 15872K, 0% used [0x00000000ebd80000,0x00000000ebd80000,0x00000000ecd00000)
 ParOldGen       total 60928K, used 20793K [0x0000000080a00000, 0x0000000084580000, 0x00000000d5900000)
  object space 60928K, 34% used [0x0000000080a00000,0x0000000081e4e478,0x0000000084580000)
 Metaspace       used 55539K, capacity 59040K, committed 59160K, reserved 1099776K
  class space    used 7237K, capacity 7861K, committed 7968K, reserved 1048576K
Event: 5.939 GC heap after
Heap after GC invocations=12 (full 2):
 PSYoungGen      total 359424K, used 15860K [0x00000000d5900000, 0x00000000ece80000, 0x0000000100000000)
  eden space 343552K, 0% used [0x00000000d5900000,0x00000000d5900000,0x00000000ea880000)
  from space 15872K, 99% used [0x00000000ebd80000,0x00000000eccfd350,0x00000000ecd00000)
  to   space 19456K, 0% used [0x00000000ea880000,0x00000000ea880000,0x00000000ebb80000)
 ParOldGen       total 60928K, used 25185K [0x0000000080a00000, 0x0000000084580000, 0x00000000d5900000)
  object space 60928K, 41% used [0x0000000080a00000,0x00000000822985a8,0x0000000084580000)
 Metaspace       used 55539K, capacity 59040K, committed 59160K, reserved 1099776K
  class space    used 7237K, capacity 7861K, committed 7968K, reserved 1048576K
}
Event: 5.939 GC heap before
{Heap before GC invocations=13 (full 3):
 PSYoungGen      total 359424K, used 15860K [0x00000000d5900000, 0x00000000ece80000, 0x0000000100000000)
  eden space 343552K, 0% used [0x00000000d5900000,0x00000000d5900000,0x00000000ea880000)
  from space 15872K, 99% used [0x00000000ebd80000,0x00000000eccfd350,0x00000000ecd00000)
  to   space 19456K, 0% used [0x00000000ea880000,0x00000000ea880000,0x00000000ebb80000)
 ParOldGen       total 60928K, used 25185K [0x0000000080a00000, 0x0000000084580000, 0x00000000d5900000)
  object space 60928K, 41% used [0x0000000080a00000,0x00000000822985a8,0x0000000084580000)
 Metaspace       used 55539K, capacity 59040K, committed 59160K, reserved 1099776K
  class space    used 7237K, capacity 7861K, committed 7968K, reserved 1048576K
Event: 6.053 GC heap after
Heap after GC invocations=13 (full 3):
 PSYoungGen      total 359424K, used 0K [0x00000000d5900000, 0x00000000ece80000, 0x0000000100000000)
  eden space 343552K, 0% used [0x00000000d5900000,0x00000000d5900000,0x00000000ea880000)
  from space 15872K, 0% used [0x00000000ebd80000,0x00000000ebd80000,0x00000000ecd00000)
  to   space 19456K, 0% used [0x00000000ea880000,0x00000000ea880000,0x00000000ebb80000)
 ParOldGen       total 90112K, used 30901K [0x0000000080a00000, 0x0000000086200000, 0x00000000d5900000)
  object space 90112K, 34% used [0x0000000080a00000,0x000000008282d738,0x0000000086200000)
 Metaspace       used 55539K, capacity 59040K, committed 59160K, reserved 1099776K
  class space    used 7237K, capacity 7861K, committed 7968K, reserved 1048576K
}

