# JRE version: Java(TM) SE Runtime Environment (8.0_261-b12) (build 1.8.0_261-b12)
# Java VM: Java HotSpot(TM) 64-Bit Server VM (25.261-b12 mixed mode windows-amd64 compressed oops)
Heap:
 PSYoungGen      total 252416K, used 47423K [0x00000000d5900000, 0x00000000e6280000, 0x0000000100000000)
  eden space 235520K, 20% used [0x00000000d5900000,0x00000000d874fe90,0x00000000e3f00000)
  from space 16896K, 0% used [0x00000000e3f00000,0x00000000e3f00000,0x00000000e4f80000)
  to   space 13824K, 0% used [0x00000000e4f80000,0x00000000e4f80000,0x00000000e5d00000)
 ParOldGen       total 119296K, used 26016K [0x0000000080a00000, 0x0000000087e80000, 0x00000000d5900000)
  object space 119296K, 21% used [0x0000000080a00000,0x0000000082368050,0x0000000087e80000)
 Metaspace       used 56018K, capacity 59546K, committed 59608K, reserved 1101824K
  class space    used 7244K, capacity 7888K, committed 7936K, reserved 1048576K
GC Heap History (10 events):
Event: 3.906 GC heap before
{Heap before GC invocations=10 (full 2):
 PSYoungGen      total 195584K, used 8132K [0x00000000d5900000, 0x00000000e4100000, 0x0000000100000000)
  eden space 184832K, 0% used [0x00000000d5900000,0x00000000d5900000,0x00000000e0d80000)
  from space 10752K, 75% used [0x00000000e1800000,0x00000000e1ff1338,0x00000000e2280000)
  to   space 10752K, 0% used [0x00000000e0d80000,0x00000000e0d80000,0x00000000e1800000)
 ParOldGen       total 52736K, used 9853K [0x0000000080a00000, 0x0000000083d80000, 0x00000000d5900000)
  object space 52736K, 18% used [0x0000000080a00000,0x000000008139f4d0,0x0000000083d80000)
 Metaspace       used 33003K, capacity 35308K, committed 35416K, reserved 1079296K
  class space    used 4217K, capacity 4644K, committed 4736K, reserved 1048576K
Event: 3.949 GC heap after
Heap after GC invocations=10 (full 2):
 PSYoungGen      total 195584K, used 0K [0x00000000d5900000, 0x00000000e4100000, 0x0000000100000000)
  eden space 184832K, 0% used [0x00000000d5900000,0x00000000d5900000,0x00000000e0d80000)
  from space 10752K, 0% used [0x00000000e1800000,0x00000000e1800000,0x00000000e2280000)
  to   space 10752K, 0% used [0x00000000e0d80000,0x00000000e0d80000,0x00000000e1800000)
 ParOldGen       total 80896K, used 12938K [0x0000000080a00000, 0x0000000085900000, 0x00000000d5900000)
  object space 80896K, 15% used [0x0000000080a00000,0x00000000816a2958,0x0000000085900000)
 Metaspace       used 33003K, capacity 35308K, committed 35416K, reserved 1079296K
  class space    used 4217K, capacity 4644K, committed 4736K, reserved 1048576K
}
Event: 5.550 GC heap before
{Heap before GC invocations=11 (full 2):
 PSYoungGen      total 195584K, used 184832K [0x00000000d5900000, 0x00000000e4100000, 0x0000000100000000)
  eden space 184832K, 100% used [0x00000000d5900000,0x00000000e0d80000,0x00000000e0d80000)
  from space 10752K, 0% used [0x00000000e1800000,0x00000000e1800000,0x00000000e2280000)
  to   space 10752K, 0% used [0x00000000e0d80000,0x00000000e0d80000,0x00000000e1800000)
 ParOldGen       total 80896K, used 12938K [0x0000000080a00000, 0x0000000085900000, 0x00000000d5900000)
  object space 80896K, 15% used [0x0000000080a00000,0x00000000816a2958,0x0000000085900000)
 Metaspace       used 47653K, capacity 50252K, committed 50648K, reserved 1093632K
  class space    used 6064K, capacity 6579K, committed 6656K, reserved 1048576K
Event: 5.564 GC heap after
Heap after GC invocations=11 (full 2):
 PSYoungGen      total 195584K, used 10743K [0x00000000d5900000, 0x00000000e5d00000, 0x0000000100000000)
  eden space 184832K, 0% used [0x00000000d5900000,0x00000000d5900000,0x00000000e0d80000)
  from space 10752K, 99% used [0x00000000e0d80000,0x00000000e17fdd30,0x00000000e1800000)
  to   space 13824K, 0% used [0x00000000e4f80000,0x00000000e4f80000,0x00000000e5d00000)
 ParOldGen       total 80896K, used 16606K [0x0000000080a00000, 0x0000000085900000, 0x00000000d5900000)
  object space 80896K, 20% used [0x0000000080a00000,0x0000000081a379c8,0x0000000085900000)
 Metaspace       used 47653K, capacity 50252K, committed 50648K, reserved 1093632K
  class space    used 6064K, capacity 6579K, committed 6656K, reserved 1048576K
}
Event: 7.159 GC heap before
{Heap before GC invocations=12 (full 2):
 PSYoungGen      total 195584K, used 195575K [0x00000000d5900000, 0x00000000e5d00000, 0x0000000100000000)
  eden space 184832K, 100% used [0x00000000d5900000,0x00000000e0d80000,0x00000000e0d80000)
  from space 10752K, 99% used [0x00000000e0d80000,0x00000000e17fdd30,0x00000000e1800000)
  to   space 13824K, 0% used [0x00000000e4f80000,0x00000000e4f80000,0x00000000e5d00000)
 ParOldGen       total 80896K, used 16606K [0x0000000080a00000, 0x0000000085900000, 0x00000000d5900000)
  object space 80896K, 20% used [0x0000000080a00000,0x0000000081a379c8,0x0000000085900000)
 Metaspace       used 54765K, capacity 58174K, committed 58328K, reserved 1099776K
  class space    used 7067K, capacity 7680K, committed 7680K, reserved 1048576K
Event: 7.183 GC heap after
Heap after GC invocations=12 (full 2):
 PSYoungGen      total 249344K, used 13811K [0x00000000d5900000, 0x00000000e6280000, 0x0000000100000000)
  eden space 235520K, 0% used [0x00000000d5900000,0x00000000d5900000,0x00000000e3f00000)
  from space 13824K, 99% used [0x00000000e4f80000,0x00000000e5cfcf50,0x00000000e5d00000)
  to   space 16896K, 0% used [0x00000000e3f00000,0x00000000e3f00000,0x00000000e4f80000)
 ParOldGen       total 80896K, used 21017K [0x0000000080a00000, 0x0000000085900000, 0x00000000d5900000)
  object space 80896K, 25% used [0x0000000080a00000,0x0000000081e86438,0x0000000085900000)
 Metaspace       used 54765K, capacity 58174K, committed 58328K, reserved 1099776K
  class space    used 7067K, capacity 7680K, committed 7680K, reserved 1048576K
}
Event: 7.492 GC heap before
{Heap before GC invocations=13 (full 2):
 PSYoungGen      total 249344K, used 69841K [0x00000000d5900000, 0x00000000e6280000, 0x0000000100000000)
  eden space 235520K, 23% used [0x00000000d5900000,0x00000000d8fb75f8,0x00000000e3f00000)
  from space 13824K, 99% used [0x00000000e4f80000,0x00000000e5cfcf50,0x00000000e5d00000)
  to   space 16896K, 0% used [0x00000000e3f00000,0x00000000e3f00000,0x00000000e4f80000)
 ParOldGen       total 80896K, used 21017K [0x0000000080a00000, 0x0000000085900000, 0x00000000d5900000)
  object space 80896K, 25% used [0x0000000080a00000,0x0000000081e86438,0x0000000085900000)
 Metaspace       used 55452K, capacity 58938K, committed 58968K, reserved 1099776K
  class space    used 7158K, capacity 7804K, committed 7808K, reserved 1048576K
Event: 7.505 GC heap after
Heap after GC invocations=13 (full 2):
 PSYoungGen      total 252416K, used 2379K [0x00000000d5900000, 0x00000000e6280000, 0x0000000100000000)
  eden space 235520K, 0% used [0x00000000d5900000,0x00000000d5900000,0x00000000e3f00000)
  from space 16896K, 14% used [0x00000000e3f00000,0x00000000e4152db0,0x00000000e4f80000)
  to   space 13824K, 0% used [0x00000000e4f80000,0x00000000e4f80000,0x00000000e5d00000)
 ParOldGen       total 80896K, used 33735K [0x0000000080a00000, 0x0000000085900000, 0x00000000d5900000)
  object space 80896K, 41% used [0x0000000080a00000,0x0000000082af1e30,0x0000000085900000)
 Metaspace       used 55452K, capacity 58938K, committed 58968K, reserved 1099776K
  class space    used 7158K, capacity 7804K, committed 7808K, reserved 1048576K
}
Event: 7.505 GC heap before
{Heap before GC invocations=14 (full 3):
 PSYoungGen      total 252416K, used 2379K [0x00000000d5900000, 0x00000000e6280000, 0x0000000100000000)
  eden space 235520K, 0% used [0x00000000d5900000,0x00000000d5900000,0x00000000e3f00000)
  from space 16896K, 14% used [0x00000000e3f00000,0x00000000e4152db0,0x00000000e4f80000)
  to   space 13824K, 0% used [0x00000000e4f80000,0x00000000e4f80000,0x00000000e5d00000)
 ParOldGen       total 80896K, used 33735K [0x0000000080a00000, 0x0000000085900000, 0x00000000d5900000)
  object space 80896K, 41% used [0x0000000080a00000,0x0000000082af1e30,0x0000000085900000)
 Metaspace       used 55452K, capacity 58938K, committed 58968K, reserved 1099776K
  class space    used 7158K, capacity 7804K, committed 7808K, reserved 1048576K
Event: 7.627 GC heap after
Heap after GC invocations=14 (full 3):
 PSYoungGen      total 252416K, used 0K [0x00000000d5900000, 0x00000000e6280000, 0x0000000100000000)
  eden space 235520K, 0% used [0x00000000d5900000,0x00000000d5900000,0x00000000e3f00000)
  from space 16896K, 0% used [0x00000000e3f00000,0x00000000e3f00000,0x00000000e4f80000)
  to   space 13824K, 0% used [0x00000000e4f80000,0x00000000e4f80000,0x00000000e5d00000)
 ParOldGen       total 119296K, used 26016K [0x0000000080a00000, 0x0000000087e80000, 0x00000000d5900000)
  object space 119296K, 21% used [0x0000000080a00000,0x0000000082368050,0x0000000087e80000)
 Metaspace       used 55452K, capacity 58938K, committed 58968K, reserved 1099776K
  class space    used 7158K, capacity 7804K, committed 7808K, reserved 1048576K
}

