# JRE version: Java(TM) SE Runtime Environment (8.0_261-b12) (build 1.8.0_261-b12)
# Java VM: Java HotSpot(TM) 64-Bit Server VM (25.261-b12 mixed mode windows-amd64 compressed oops)
Heap:
 PSYoungGen      total 257024K, used 67962K [0x00000000d5900000, 0x00000000ede80000, 0x0000000100000000)
  eden space 245248K, 22% used [0x00000000d5900000,0x00000000d8fe1580,0x00000000e4880000)
  from space 11776K, 99% used [0x00000000e4880000,0x00000000e53fd2e0,0x00000000e5400000)
  to   space 16384K, 0% used [0x00000000ece80000,0x00000000ece80000,0x00000000ede80000)
 ParOldGen       total 58880K, used 20962K [0x0000000080a00000, 0x0000000084380000, 0x00000000d5900000)
  object space 58880K, 35% used [0x0000000080a00000,0x0000000081e78928,0x0000000084380000)
 Metaspace       used 52528K, capacity 55770K, committed 55936K, reserved 1097728K
  class space    used 6832K, capacity 7447K, committed 7552K, reserved 1048576K
GC Heap History (10 events):
Event: 2.277 GC heap before
{Heap before GC invocations=7 (full 1):
 PSYoungGen      total 71680K, used 66560K [0x00000000d5900000, 0x00000000ded00000, 0x0000000100000000)
  eden space 66560K, 100% used [0x00000000d5900000,0x00000000d9a00000,0x00000000d9a00000)
  from space 5120K, 0% used [0x00000000d9a00000,0x00000000d9a00000,0x00000000d9f00000)
  to   space 9216K, 0% used [0x00000000de400000,0x00000000de400000,0x00000000ded00000)
 ParOldGen       total 44544K, used 5343K [0x0000000080a00000, 0x0000000083580000, 0x00000000d5900000)
  object space 44544K, 11% used [0x0000000080a00000,0x0000000080f37dc8,0x0000000083580000)
 Metaspace       used 24573K, capacity 26256K, committed 26368K, reserved 1073152K
  class space    used 3178K, capacity 3500K, committed 3584K, reserved 1048576K
Event: 2.282 GC heap after
Heap after GC invocations=7 (full 1):
 PSYoungGen      total 135680K, used 6813K [0x00000000d5900000, 0x00000000deb00000, 0x0000000100000000)
  eden space 128512K, 0% used [0x00000000d5900000,0x00000000d5900000,0x00000000dd680000)
  from space 7168K, 95% used [0x00000000de400000,0x00000000deaa76f0,0x00000000deb00000)
  to   space 9216K, 0% used [0x00000000dd900000,0x00000000dd900000,0x00000000de200000)
 ParOldGen       total 44544K, used 5351K [0x0000000080a00000, 0x0000000083580000, 0x00000000d5900000)
  object space 44544K, 12% used [0x0000000080a00000,0x0000000080f39dc8,0x0000000083580000)
 Metaspace       used 24573K, capacity 26256K, committed 26368K, reserved 1073152K
  class space    used 3178K, capacity 3500K, committed 3584K, reserved 1048576K
}
Event: 3.471 GC heap before
{Heap before GC invocations=8 (full 1):
 PSYoungGen      total 135680K, used 135325K [0x00000000d5900000, 0x00000000deb00000, 0x0000000100000000)
  eden space 128512K, 100% used [0x00000000d5900000,0x00000000dd680000,0x00000000dd680000)
  from space 7168K, 95% used [0x00000000de400000,0x00000000deaa76f0,0x00000000deb00000)
  to   space 9216K, 0% used [0x00000000dd900000,0x00000000dd900000,0x00000000de200000)
 ParOldGen       total 44544K, used 5351K [0x0000000080a00000, 0x0000000083580000, 0x00000000d5900000)
  object space 44544K, 12% used [0x0000000080a00000,0x0000000080f39dc8,0x0000000083580000)
 Metaspace       used 31214K, capacity 33554K, committed 33792K, reserved 1079296K
  class space    used 4054K, capacity 4489K, committed 4608K, reserved 1048576K
Event: 3.484 GC heap after
Heap after GC invocations=8 (full 1):
 PSYoungGen      total 140288K, used 9213K [0x00000000d5900000, 0x00000000e5f80000, 0x0000000100000000)
  eden space 131072K, 0% used [0x00000000d5900000,0x00000000d5900000,0x00000000dd900000)
  from space 9216K, 99% used [0x00000000dd900000,0x00000000de1ff6c8,0x00000000de200000)
  to   space 11776K, 0% used [0x00000000e5400000,0x00000000e5400000,0x00000000e5f80000)
 ParOldGen       total 44544K, used 8684K [0x0000000080a00000, 0x0000000083580000, 0x00000000d5900000)
  object space 44544K, 19% used [0x0000000080a00000,0x000000008127b0b8,0x0000000083580000)
 Metaspace       used 31214K, capacity 33554K, committed 33792K, reserved 1079296K
  class space    used 4054K, capacity 4489K, committed 4608K, reserved 1048576K
}
Event: 3.634 GC heap before
{Heap before GC invocations=9 (full 1):
 PSYoungGen      total 140288K, used 33616K [0x00000000d5900000, 0x00000000e5f80000, 0x0000000100000000)
  eden space 131072K, 18% used [0x00000000d5900000,0x00000000d70d4988,0x00000000dd900000)
  from space 9216K, 99% used [0x00000000dd900000,0x00000000de1ff6c8,0x00000000de200000)
  to   space 11776K, 0% used [0x00000000e5400000,0x00000000e5400000,0x00000000e5f80000)
 ParOldGen       total 44544K, used 8684K [0x0000000080a00000, 0x0000000083580000, 0x00000000d5900000)
  object space 44544K, 19% used [0x0000000080a00000,0x000000008127b0b8,0x0000000083580000)
 Metaspace       used 33052K, capacity 35346K, committed 35456K, reserved 1079296K
  class space    used 4260K, capacity 4681K, committed 4736K, reserved 1048576K
Event: 3.640 GC heap after
Heap after GC invocations=9 (full 1):
 PSYoungGen      total 257024K, used 8206K [0x00000000d5900000, 0x00000000e6200000, 0x0000000100000000)
  eden space 245248K, 0% used [0x00000000d5900000,0x00000000d5900000,0x00000000e4880000)
  from space 11776K, 69% used [0x00000000e5400000,0x00000000e5c03a68,0x00000000e5f80000)
  to   space 11776K, 0% used [0x00000000e4880000,0x00000000e4880000,0x00000000e5400000)
 ParOldGen       total 44544K, used 8692K [0x0000000080a00000, 0x0000000083580000, 0x00000000d5900000)
  object space 44544K, 19% used [0x0000000080a00000,0x000000008127d0b8,0x0000000083580000)
 Metaspace       used 33052K, capacity 35346K, committed 35456K, reserved 1079296K
  class space    used 4260K, capacity 4681K, committed 4736K, reserved 1048576K
}
Event: 3.640 GC heap before
{Heap before GC invocations=10 (full 2):
 PSYoungGen      total 257024K, used 8206K [0x00000000d5900000, 0x00000000e6200000, 0x0000000100000000)
  eden space 245248K, 0% used [0x00000000d5900000,0x00000000d5900000,0x00000000e4880000)
  from space 11776K, 69% used [0x00000000e5400000,0x00000000e5c03a68,0x00000000e5f80000)
  to   space 11776K, 0% used [0x00000000e4880000,0x00000000e4880000,0x00000000e5400000)
 ParOldGen       total 44544K, used 8692K [0x0000000080a00000, 0x0000000083580000, 0x00000000d5900000)
  object space 44544K, 19% used [0x0000000080a00000,0x000000008127d0b8,0x0000000083580000)
 Metaspace       used 33052K, capacity 35346K, committed 35456K, reserved 1079296K
  class space    used 4260K, capacity 4681K, committed 4736K, reserved 1048576K
Event: 3.678 GC heap after
Heap after GC invocations=10 (full 2):
 PSYoungGen      total 257024K, used 0K [0x00000000d5900000, 0x00000000e6200000, 0x0000000100000000)
  eden space 245248K, 0% used [0x00000000d5900000,0x00000000d5900000,0x00000000e4880000)
  from space 11776K, 0% used [0x00000000e5400000,0x00000000e5400000,0x00000000e5f80000)
  to   space 11776K, 0% used [0x00000000e4880000,0x00000000e4880000,0x00000000e5400000)
 ParOldGen       total 58880K, used 13361K [0x0000000080a00000, 0x0000000084380000, 0x00000000d5900000)
  object space 58880K, 22% used [0x0000000080a00000,0x000000008170c550,0x0000000084380000)
 Metaspace       used 33052K, capacity 35346K, committed 35456K, reserved 1079296K
  class space    used 4260K, capacity 4681K, committed 4736K, reserved 1048576K
}
Event: 5.529 GC heap before
{Heap before GC invocations=11 (full 2):
 PSYoungGen      total 257024K, used 245248K [0x00000000d5900000, 0x00000000e6200000, 0x0000000100000000)
  eden space 245248K, 100% used [0x00000000d5900000,0x00000000e4880000,0x00000000e4880000)
  from space 11776K, 0% used [0x00000000e5400000,0x00000000e5400000,0x00000000e5f80000)
  to   space 11776K, 0% used [0x00000000e4880000,0x00000000e4880000,0x00000000e5400000)
 ParOldGen       total 58880K, used 13361K [0x0000000080a00000, 0x0000000084380000, 0x00000000d5900000)
  object space 58880K, 22% used [0x0000000080a00000,0x000000008170c550,0x0000000084380000)
 Metaspace       used 51108K, capacity 53930K, committed 54144K, reserved 1095680K
  class space    used 6618K, capacity 7189K, committed 7296K, reserved 1048576K
Event: 5.554 GC heap after
Heap after GC invocations=11 (full 2):
 PSYoungGen      total 257024K, used 11764K [0x00000000d5900000, 0x00000000ede80000, 0x0000000100000000)
  eden space 245248K, 0% used [0x00000000d5900000,0x00000000d5900000,0x00000000e4880000)
  from space 11776K, 99% used [0x00000000e4880000,0x00000000e53fd2e0,0x00000000e5400000)
  to   space 16384K, 0% used [0x00000000ece80000,0x00000000ece80000,0x00000000ede80000)
 ParOldGen       total 58880K, used 20962K [0x0000000080a00000, 0x0000000084380000, 0x00000000d5900000)
  object space 58880K, 35% used [0x0000000080a00000,0x0000000081e78928,0x0000000084380000)
 Metaspace       used 51108K, capacity 53930K, committed 54144K, reserved 1095680K
  class space    used 6618K, capacity 7189K, committed 7296K, reserved 1048576K
}

